{"/Users/stanleykeopilavan/TeamOne/packages/express-backend/users/userModel.js": {"path":"/Users/stanleykeopilavan/TeamOne/packages/express-backend/users/userModel.js","statementMap":{"0":{"start":{"line":3,"column":19},"end":{"line":19,"column":1}},"1":{"start":{"line":21,"column":19},"end":{"line":34,"column":1}},"2":{"start":{"line":36,"column":19},"end":{"line":52,"column":1}},"3":{"start":{"line":54,"column":20},"end":{"line":54,"column":54}},"4":{"start":{"line":55,"column":20},"end":{"line":55,"column":54}},"5":{"start":{"line":56,"column":20},"end":{"line":56,"column":54}}},"fnMap":{},"branchMap":{},"s":{"0":1,"1":1,"2":1,"3":1,"4":1,"5":1},"f":{},"b":{},"inputSourceMap":null,"_coverageSchema":"1a1c01bbd47fc00a2c39e90264f33305004495a9","hash":"b289a7e67c04f65d6e09b1a305074b40533897a5"}
,"/Users/stanleykeopilavan/TeamOne/packages/express-backend/users/userRoutes.js": {"path":"/Users/stanleykeopilavan/TeamOne/packages/express-backend/users/userRoutes.js","statementMap":{"0":{"start":{"line":6,"column":15},"end":{"line":6,"column":31}},"1":{"start":{"line":8,"column":25},"end":{"line":25,"column":1}},"2":{"start":{"line":9,"column":21},"end":{"line":9,"column":49}},"3":{"start":{"line":10,"column":16},"end":{"line":10,"column":54}},"4":{"start":{"line":12,"column":2},"end":{"line":24,"column":3}},"5":{"start":{"line":13,"column":4},"end":{"line":13,"column":26}},"6":{"start":{"line":15,"column":4},"end":{"line":23,"column":7}},"7":{"start":{"line":16,"column":6},"end":{"line":22,"column":7}},"8":{"start":{"line":17,"column":8},"end":{"line":17,"column":48}},"9":{"start":{"line":18,"column":8},"end":{"line":18,"column":15}},"10":{"start":{"line":20,"column":8},"end":{"line":20,"column":41}},"11":{"start":{"line":21,"column":8},"end":{"line":21,"column":30}},"12":{"start":{"line":27,"column":35},"end":{"line":43,"column":1}},"13":{"start":{"line":28,"column":2},"end":{"line":42,"column":5}},"14":{"start":{"line":29,"column":4},"end":{"line":41,"column":6}},"15":{"start":{"line":34,"column":8},"end":{"line":39,"column":9}},"16":{"start":{"line":35,"column":10},"end":{"line":35,"column":56}},"17":{"start":{"line":36,"column":10},"end":{"line":36,"column":24}},"18":{"start":{"line":38,"column":10},"end":{"line":38,"column":25}},"19":{"start":{"line":46,"column":0},"end":{"line":66,"column":3}},"20":{"start":{"line":47,"column":2},"end":{"line":65,"column":3}},"21":{"start":{"line":48,"column":35},"end":{"line":48,"column":43}},"22":{"start":{"line":49,"column":4},"end":{"line":53,"column":5}},"23":{"start":{"line":50,"column":6},"end":{"line":52,"column":65}},"24":{"start":{"line":55,"column":17},"end":{"line":55,"column":49}},"25":{"start":{"line":56,"column":4},"end":{"line":58,"column":5}},"26":{"start":{"line":57,"column":6},"end":{"line":57,"column":79}},"27":{"start":{"line":60,"column":18},"end":{"line":60,"column":53}},"28":{"start":{"line":61,"column":4},"end":{"line":61,"column":49}},"29":{"start":{"line":63,"column":4},"end":{"line":63,"column":43}},"30":{"start":{"line":64,"column":4},"end":{"line":64,"column":63}},"31":{"start":{"line":69,"column":0},"end":{"line":79,"column":3}},"32":{"start":{"line":70,"column":2},"end":{"line":78,"column":3}},"33":{"start":{"line":71,"column":18},"end":{"line":71,"column":73}},"34":{"start":{"line":72,"column":4},"end":{"line":72,"column":20}},"35":{"start":{"line":74,"column":4},"end":{"line":74,"column":43}},"36":{"start":{"line":75,"column":4},"end":{"line":77,"column":7}},"37":{"start":{"line":82,"column":0},"end":{"line":122,"column":3}},"38":{"start":{"line":83,"column":2},"end":{"line":121,"column":3}},"39":{"start":{"line":84,"column":63},"end":{"line":84,"column":71}},"40":{"start":{"line":85,"column":4},"end":{"line":87,"column":5}},"41":{"start":{"line":86,"column":6},"end":{"line":86,"column":75}},"42":{"start":{"line":88,"column":25},"end":{"line":90,"column":6}},"43":{"start":{"line":92,"column":4},"end":{"line":99,"column":5}},"44":{"start":{"line":93,"column":6},"end":{"line":98,"column":9}},"45":{"start":{"line":100,"column":27},"end":{"line":100,"column":58}},"46":{"start":{"line":101,"column":17},"end":{"line":108,"column":5}},"47":{"start":{"line":109,"column":25},"end":{"line":109,"column":48}},"48":{"start":{"line":110,"column":18},"end":{"line":110,"column":53}},"49":{"start":{"line":111,"column":4},"end":{"line":111,"column":28}},"50":{"start":{"line":112,"column":4},"end":{"line":112,"column":33}},"51":{"start":{"line":113,"column":4},"end":{"line":117,"column":7}},"52":{"start":{"line":119,"column":4},"end":{"line":119,"column":47}},"53":{"start":{"line":120,"column":4},"end":{"line":120,"column":61}},"54":{"start":{"line":125,"column":0},"end":{"line":139,"column":3}},"55":{"start":{"line":126,"column":2},"end":{"line":138,"column":3}},"56":{"start":{"line":127,"column":17},"end":{"line":132,"column":5}},"57":{"start":{"line":133,"column":4},"end":{"line":133,"column":74}},"58":{"start":{"line":133,"column":15},"end":{"line":133,"column":74}},"59":{"start":{"line":135,"column":4},"end":{"line":135,"column":31}},"60":{"start":{"line":137,"column":4},"end":{"line":137,"column":62}},"61":{"start":{"line":142,"column":0},"end":{"line":162,"column":3}},"62":{"start":{"line":143,"column":2},"end":{"line":161,"column":3}},"63":{"start":{"line":144,"column":17},"end":{"line":144,"column":70}},"64":{"start":{"line":145,"column":4},"end":{"line":145,"column":74}},"65":{"start":{"line":145,"column":15},"end":{"line":145,"column":74}},"66":{"start":{"line":146,"column":4},"end":{"line":150,"column":5}},"67":{"start":{"line":147,"column":6},"end":{"line":149,"column":74}},"68":{"start":{"line":152,"column":17},"end":{"line":155,"column":6}},"69":{"start":{"line":157,"column":4},"end":{"line":157,"column":75}},"70":{"start":{"line":158,"column":4},"end":{"line":158,"column":31}},"71":{"start":{"line":160,"column":4},"end":{"line":160,"column":61}},"72":{"start":{"line":165,"column":0},"end":{"line":181,"column":2}},"73":{"start":{"line":169,"column":4},"end":{"line":179,"column":5}},"74":{"start":{"line":170,"column":19},"end":{"line":170,"column":77}},"75":{"start":{"line":171,"column":6},"end":{"line":171,"column":76}},"76":{"start":{"line":171,"column":17},"end":{"line":171,"column":76}},"77":{"start":{"line":172,"column":6},"end":{"line":174,"column":9}},"78":{"start":{"line":175,"column":6},"end":{"line":175,"column":48}},"79":{"start":{"line":176,"column":6},"end":{"line":176,"column":77}},"80":{"start":{"line":178,"column":6},"end":{"line":178,"column":63}},"81":{"start":{"line":184,"column":0},"end":{"line":198,"column":2}},"82":{"start":{"line":188,"column":4},"end":{"line":196,"column":5}},"83":{"start":{"line":189,"column":19},"end":{"line":191,"column":7}},"84":{"start":{"line":192,"column":6},"end":{"line":192,"column":76}},"85":{"start":{"line":192,"column":17},"end":{"line":192,"column":76}},"86":{"start":{"line":193,"column":6},"end":{"line":193,"column":27}},"87":{"start":{"line":195,"column":6},"end":{"line":195,"column":64}},"88":{"start":{"line":201,"column":0},"end":{"line":239,"column":2}},"89":{"start":{"line":205,"column":4},"end":{"line":237,"column":5}},"90":{"start":{"line":206,"column":19},"end":{"line":208,"column":7}},"91":{"start":{"line":209,"column":6},"end":{"line":209,"column":76}},"92":{"start":{"line":209,"column":17},"end":{"line":209,"column":76}},"93":{"start":{"line":211,"column":6},"end":{"line":215,"column":7}},"94":{"start":{"line":212,"column":8},"end":{"line":214,"column":71}},"95":{"start":{"line":218,"column":8},"end":{"line":218,"column":16}},"96":{"start":{"line":219,"column":19},"end":{"line":228,"column":8}},"97":{"start":{"line":230,"column":6},"end":{"line":230,"column":32}},"98":{"start":{"line":231,"column":6},"end":{"line":231,"column":24}},"99":{"start":{"line":233,"column":6},"end":{"line":233,"column":33}},"100":{"start":{"line":235,"column":6},"end":{"line":235,"column":49}},"101":{"start":{"line":236,"column":6},"end":{"line":236,"column":65}},"102":{"start":{"line":242,"column":0},"end":{"line":260,"column":2}},"103":{"start":{"line":246,"column":4},"end":{"line":258,"column":5}},"104":{"start":{"line":247,"column":22},"end":{"line":247,"column":30}},"105":{"start":{"line":248,"column":19},"end":{"line":252,"column":7}},"106":{"start":{"line":253,"column":6},"end":{"line":253,"column":76}},"107":{"start":{"line":253,"column":17},"end":{"line":253,"column":76}},"108":{"start":{"line":254,"column":6},"end":{"line":254,"column":21}},"109":{"start":{"line":256,"column":6},"end":{"line":256,"column":49}},"110":{"start":{"line":257,"column":6},"end":{"line":257,"column":63}},"111":{"start":{"line":263,"column":0},"end":{"line":277,"column":2}},"112":{"start":{"line":267,"column":4},"end":{"line":275,"column":5}},"113":{"start":{"line":268,"column":19},"end":{"line":268,"column":77}},"114":{"start":{"line":269,"column":6},"end":{"line":269,"column":76}},"115":{"start":{"line":269,"column":17},"end":{"line":269,"column":76}},"116":{"start":{"line":271,"column":6},"end":{"line":271,"column":78}},"117":{"start":{"line":272,"column":6},"end":{"line":272,"column":57}},"118":{"start":{"line":274,"column":6},"end":{"line":274,"column":63}},"119":{"start":{"line":280,"column":0},"end":{"line":296,"column":2}},"120":{"start":{"line":284,"column":4},"end":{"line":294,"column":5}},"121":{"start":{"line":285,"column":19},"end":{"line":289,"column":7}},"122":{"start":{"line":290,"column":6},"end":{"line":290,"column":76}},"123":{"start":{"line":290,"column":17},"end":{"line":290,"column":76}},"124":{"start":{"line":291,"column":6},"end":{"line":291,"column":21}},"125":{"start":{"line":293,"column":6},"end":{"line":293,"column":63}},"126":{"start":{"line":299,"column":0},"end":{"line":317,"column":2}},"127":{"start":{"line":303,"column":4},"end":{"line":315,"column":5}},"128":{"start":{"line":304,"column":19},"end":{"line":304,"column":77}},"129":{"start":{"line":305,"column":6},"end":{"line":305,"column":76}},"130":{"start":{"line":305,"column":17},"end":{"line":305,"column":76}},"131":{"start":{"line":307,"column":6},"end":{"line":309,"column":9}},"132":{"start":{"line":311,"column":6},"end":{"line":311,"column":48}},"133":{"start":{"line":312,"column":6},"end":{"line":312,"column":65}},"134":{"start":{"line":314,"column":6},"end":{"line":314,"column":63}},"135":{"start":{"line":320,"column":0},"end":{"line":330,"column":3}},"136":{"start":{"line":321,"column":2},"end":{"line":329,"column":3}},"137":{"start":{"line":322,"column":17},"end":{"line":324,"column":24}},"138":{"start":{"line":325,"column":4},"end":{"line":325,"column":74}},"139":{"start":{"line":325,"column":15},"end":{"line":325,"column":74}},"140":{"start":{"line":326,"column":4},"end":{"line":326,"column":19}},"141":{"start":{"line":328,"column":4},"end":{"line":328,"column":61}}},"fnMap":{"0":{"name":"(anonymous_0)","decl":{"start":{"line":8,"column":25},"end":{"line":8,"column":26}},"loc":{"start":{"line":8,"column":45},"end":{"line":25,"column":1}},"line":8},"1":{"name":"(anonymous_1)","decl":{"start":{"line":15,"column":48},"end":{"line":15,"column":49}},"loc":{"start":{"line":15,"column":68},"end":{"line":23,"column":5}},"line":15},"2":{"name":"(anonymous_2)","decl":{"start":{"line":27,"column":35},"end":{"line":27,"column":36}},"loc":{"start":{"line":27,"column":49},"end":{"line":43,"column":1}},"line":27},"3":{"name":"(anonymous_3)","decl":{"start":{"line":28,"column":21},"end":{"line":28,"column":22}},"loc":{"start":{"line":28,"column":42},"end":{"line":42,"column":3}},"line":28},"4":{"name":"(anonymous_4)","decl":{"start":{"line":33,"column":6},"end":{"line":33,"column":7}},"loc":{"start":{"line":33,"column":24},"end":{"line":40,"column":7}},"line":33},"5":{"name":"(anonymous_5)","decl":{"start":{"line":46,"column":22},"end":{"line":46,"column":23}},"loc":{"start":{"line":46,"column":42},"end":{"line":66,"column":1}},"line":46},"6":{"name":"(anonymous_6)","decl":{"start":{"line":69,"column":21},"end":{"line":69,"column":22}},"loc":{"start":{"line":69,"column":41},"end":{"line":79,"column":1}},"line":69},"7":{"name":"(anonymous_7)","decl":{"start":{"line":82,"column":25},"end":{"line":82,"column":26}},"loc":{"start":{"line":82,"column":45},"end":{"line":122,"column":1}},"line":82},"8":{"name":"(anonymous_8)","decl":{"start":{"line":125,"column":55},"end":{"line":125,"column":56}},"loc":{"start":{"line":125,"column":75},"end":{"line":139,"column":1}},"line":125},"9":{"name":"(anonymous_9)","decl":{"start":{"line":142,"column":56},"end":{"line":142,"column":57}},"loc":{"start":{"line":142,"column":76},"end":{"line":162,"column":1}},"line":142},"10":{"name":"(anonymous_10)","decl":{"start":{"line":168,"column":2},"end":{"line":168,"column":3}},"loc":{"start":{"line":168,"column":22},"end":{"line":180,"column":3}},"line":168},"11":{"name":"(anonymous_11)","decl":{"start":{"line":187,"column":2},"end":{"line":187,"column":3}},"loc":{"start":{"line":187,"column":22},"end":{"line":197,"column":3}},"line":187},"12":{"name":"(anonymous_12)","decl":{"start":{"line":204,"column":2},"end":{"line":204,"column":3}},"loc":{"start":{"line":204,"column":22},"end":{"line":238,"column":3}},"line":204},"13":{"name":"(anonymous_13)","decl":{"start":{"line":245,"column":2},"end":{"line":245,"column":3}},"loc":{"start":{"line":245,"column":22},"end":{"line":259,"column":3}},"line":245},"14":{"name":"(anonymous_14)","decl":{"start":{"line":266,"column":2},"end":{"line":266,"column":3}},"loc":{"start":{"line":266,"column":22},"end":{"line":276,"column":3}},"line":266},"15":{"name":"(anonymous_15)","decl":{"start":{"line":283,"column":2},"end":{"line":283,"column":3}},"loc":{"start":{"line":283,"column":22},"end":{"line":295,"column":3}},"line":283},"16":{"name":"(anonymous_16)","decl":{"start":{"line":302,"column":2},"end":{"line":302,"column":3}},"loc":{"start":{"line":302,"column":22},"end":{"line":316,"column":3}},"line":302},"17":{"name":"(anonymous_17)","decl":{"start":{"line":320,"column":49},"end":{"line":320,"column":50}},"loc":{"start":{"line":320,"column":69},"end":{"line":330,"column":1}},"line":320}},"branchMap":{"0":{"loc":{"start":{"line":10,"column":16},"end":{"line":10,"column":54}},"type":"binary-expr","locations":[{"start":{"line":10,"column":16},"end":{"line":10,"column":26}},{"start":{"line":10,"column":30},"end":{"line":10,"column":54}}],"line":10},"1":{"loc":{"start":{"line":12,"column":2},"end":{"line":24,"column":3}},"type":"if","locations":[{"start":{"line":12,"column":2},"end":{"line":24,"column":3}},{"start":{"line":14,"column":9},"end":{"line":24,"column":3}}],"line":12},"2":{"loc":{"start":{"line":16,"column":6},"end":{"line":22,"column":7}},"type":"if","locations":[{"start":{"line":16,"column":6},"end":{"line":22,"column":7}},{"start":{"line":19,"column":13},"end":{"line":22,"column":7}}],"line":16},"3":{"loc":{"start":{"line":34,"column":8},"end":{"line":39,"column":9}},"type":"if","locations":[{"start":{"line":34,"column":8},"end":{"line":39,"column":9}},{"start":{"line":37,"column":15},"end":{"line":39,"column":9}}],"line":34},"4":{"loc":{"start":{"line":49,"column":4},"end":{"line":53,"column":5}},"type":"if","locations":[{"start":{"line":49,"column":4},"end":{"line":53,"column":5}},{"start":{},"end":{}}],"line":49},"5":{"loc":{"start":{"line":49,"column":8},"end":{"line":49,"column":30}},"type":"binary-expr","locations":[{"start":{"line":49,"column":8},"end":{"line":49,"column":17}},{"start":{"line":49,"column":21},"end":{"line":49,"column":30}}],"line":49},"6":{"loc":{"start":{"line":56,"column":4},"end":{"line":58,"column":5}},"type":"if","locations":[{"start":{"line":56,"column":4},"end":{"line":58,"column":5}},{"start":{},"end":{}}],"line":56},"7":{"loc":{"start":{"line":56,"column":8},"end":{"line":56,"column":65}},"type":"binary-expr","locations":[{"start":{"line":56,"column":8},"end":{"line":56,"column":13}},{"start":{"line":56,"column":17},"end":{"line":56,"column":65}}],"line":56},"8":{"loc":{"start":{"line":85,"column":4},"end":{"line":87,"column":5}},"type":"if","locations":[{"start":{"line":85,"column":4},"end":{"line":87,"column":5}},{"start":{},"end":{}}],"line":85},"9":{"loc":{"start":{"line":85,"column":8},"end":{"line":85,"column":67}},"type":"binary-expr","locations":[{"start":{"line":85,"column":8},"end":{"line":85,"column":14}},{"start":{"line":85,"column":18},"end":{"line":85,"column":27}},{"start":{"line":85,"column":31},"end":{"line":85,"column":40}},{"start":{"line":85,"column":44},"end":{"line":85,"column":54}},{"start":{"line":85,"column":58},"end":{"line":85,"column":67}}],"line":85},"10":{"loc":{"start":{"line":92,"column":4},"end":{"line":99,"column":5}},"type":"if","locations":[{"start":{"line":92,"column":4},"end":{"line":99,"column":5}},{"start":{},"end":{}}],"line":92},"11":{"loc":{"start":{"line":95,"column":10},"end":{"line":97,"column":38}},"type":"cond-expr","locations":[{"start":{"line":96,"column":14},"end":{"line":96,"column":36}},{"start":{"line":97,"column":14},"end":{"line":97,"column":38}}],"line":95},"12":{"loc":{"start":{"line":133,"column":4},"end":{"line":133,"column":74}},"type":"if","locations":[{"start":{"line":133,"column":4},"end":{"line":133,"column":74}},{"start":{},"end":{}}],"line":133},"13":{"loc":{"start":{"line":135,"column":13},"end":{"line":135,"column":29}},"type":"binary-expr","locations":[{"start":{"line":135,"column":13},"end":{"line":135,"column":23}},{"start":{"line":135,"column":27},"end":{"line":135,"column":29}}],"line":135},"14":{"loc":{"start":{"line":145,"column":4},"end":{"line":145,"column":74}},"type":"if","locations":[{"start":{"line":145,"column":4},"end":{"line":145,"column":74}},{"start":{},"end":{}}],"line":145},"15":{"loc":{"start":{"line":146,"column":4},"end":{"line":150,"column":5}},"type":"if","locations":[{"start":{"line":146,"column":4},"end":{"line":150,"column":5}},{"start":{},"end":{}}],"line":146},"16":{"loc":{"start":{"line":146,"column":8},"end":{"line":146,"column":46}},"type":"binary-expr","locations":[{"start":{"line":146,"column":8},"end":{"line":146,"column":24}},{"start":{"line":146,"column":28},"end":{"line":146,"column":46}}],"line":146},"17":{"loc":{"start":{"line":171,"column":6},"end":{"line":171,"column":76}},"type":"if","locations":[{"start":{"line":171,"column":6},"end":{"line":171,"column":76}},{"start":{},"end":{}}],"line":171},"18":{"loc":{"start":{"line":192,"column":6},"end":{"line":192,"column":76}},"type":"if","locations":[{"start":{"line":192,"column":6},"end":{"line":192,"column":76}},{"start":{},"end":{}}],"line":192},"19":{"loc":{"start":{"line":209,"column":6},"end":{"line":209,"column":76}},"type":"if","locations":[{"start":{"line":209,"column":6},"end":{"line":209,"column":76}},{"start":{},"end":{}}],"line":209},"20":{"loc":{"start":{"line":211,"column":6},"end":{"line":215,"column":7}},"type":"if","locations":[{"start":{"line":211,"column":6},"end":{"line":215,"column":7}},{"start":{},"end":{}}],"line":211},"21":{"loc":{"start":{"line":221,"column":15},"end":{"line":221,"column":28}},"type":"binary-expr","locations":[{"start":{"line":221,"column":15},"end":{"line":221,"column":20}},{"start":{"line":221,"column":24},"end":{"line":221,"column":28}}],"line":221},"22":{"loc":{"start":{"line":222,"column":17},"end":{"line":222,"column":32}},"type":"binary-expr","locations":[{"start":{"line":222,"column":17},"end":{"line":222,"column":24}},{"start":{"line":222,"column":28},"end":{"line":222,"column":32}}],"line":222},"23":{"loc":{"start":{"line":223,"column":19},"end":{"line":223,"column":37}},"type":"binary-expr","locations":[{"start":{"line":223,"column":19},"end":{"line":223,"column":28}},{"start":{"line":223,"column":32},"end":{"line":223,"column":37}}],"line":223},"24":{"loc":{"start":{"line":224,"column":20},"end":{"line":224,"column":38}},"type":"binary-expr","locations":[{"start":{"line":224,"column":20},"end":{"line":224,"column":30}},{"start":{"line":224,"column":34},"end":{"line":224,"column":38}}],"line":224},"25":{"loc":{"start":{"line":225,"column":18},"end":{"line":225,"column":34}},"type":"binary-expr","locations":[{"start":{"line":225,"column":18},"end":{"line":225,"column":26}},{"start":{"line":225,"column":30},"end":{"line":225,"column":34}}],"line":225},"26":{"loc":{"start":{"line":253,"column":6},"end":{"line":253,"column":76}},"type":"if","locations":[{"start":{"line":253,"column":6},"end":{"line":253,"column":76}},{"start":{},"end":{}}],"line":253},"27":{"loc":{"start":{"line":269,"column":6},"end":{"line":269,"column":76}},"type":"if","locations":[{"start":{"line":269,"column":6},"end":{"line":269,"column":76}},{"start":{},"end":{}}],"line":269},"28":{"loc":{"start":{"line":290,"column":6},"end":{"line":290,"column":76}},"type":"if","locations":[{"start":{"line":290,"column":6},"end":{"line":290,"column":76}},{"start":{},"end":{}}],"line":290},"29":{"loc":{"start":{"line":305,"column":6},"end":{"line":305,"column":76}},"type":"if","locations":[{"start":{"line":305,"column":6},"end":{"line":305,"column":76}},{"start":{},"end":{}}],"line":305},"30":{"loc":{"start":{"line":325,"column":4},"end":{"line":325,"column":74}},"type":"if","locations":[{"start":{"line":325,"column":4},"end":{"line":325,"column":74}},{"start":{},"end":{}}],"line":325}},"s":{"0":1,"1":1,"2":12,"3":12,"4":12,"5":1,"6":11,"7":11,"8":11,"9":11,"10":0,"11":0,"12":1,"13":2,"14":2,"15":2,"16":0,"17":0,"18":2,"19":1,"20":3,"21":3,"22":3,"23":1,"24":2,"25":2,"26":1,"27":1,"28":1,"29":0,"30":0,"31":1,"32":1,"33":1,"34":1,"35":0,"36":0,"37":1,"38":3,"39":3,"40":3,"41":1,"42":2,"43":2,"44":1,"45":1,"46":1,"47":1,"48":1,"49":1,"50":1,"51":1,"52":0,"53":0,"54":1,"55":1,"56":1,"57":1,"58":0,"59":1,"60":0,"61":1,"62":1,"63":1,"64":1,"65":0,"66":1,"67":0,"68":1,"69":1,"70":1,"71":0,"72":1,"73":1,"74":1,"75":1,"76":0,"77":1,"78":1,"79":1,"80":0,"81":1,"82":1,"83":1,"84":1,"85":0,"86":1,"87":0,"88":1,"89":1,"90":1,"91":1,"92":0,"93":1,"94":0,"95":1,"96":1,"97":1,"98":1,"99":1,"100":0,"101":0,"102":1,"103":2,"104":2,"105":2,"106":2,"107":1,"108":1,"109":0,"110":0,"111":1,"112":2,"113":2,"114":2,"115":1,"116":1,"117":1,"118":0,"119":1,"120":1,"121":1,"122":1,"123":0,"124":1,"125":0,"126":1,"127":0,"128":0,"129":0,"130":0,"131":0,"132":0,"133":0,"134":0,"135":1,"136":1,"137":1,"138":1,"139":0,"140":1,"141":0},"f":{"0":12,"1":11,"2":2,"3":2,"4":2,"5":3,"6":1,"7":3,"8":1,"9":1,"10":1,"11":1,"12":1,"13":2,"14":2,"15":1,"16":0,"17":1},"b":{"0":[12,11],"1":[1,11],"2":[11,0],"3":[0,2],"4":[1,2],"5":[3,2],"6":[1,1],"7":[2,2],"8":[1,2],"9":[3,2,2,2,2],"10":[1,1],"11":[1,0],"12":[0,1],"13":[1,0],"14":[0,1],"15":[0,1],"16":[1,1],"17":[0,1],"18":[0,1],"19":[0,1],"20":[0,1],"21":[1,0],"22":[1,1],"23":[1,1],"24":[1,1],"25":[1,0],"26":[1,1],"27":[1,1],"28":[0,1],"29":[0,0],"30":[0,1]},"inputSourceMap":null,"_coverageSchema":"1a1c01bbd47fc00a2c39e90264f33305004495a9","hash":"0de275cd168f1ded769b3097f3e26688bd4a5510"}
}
