{"/Users/stanleykeopilavan/TeamOne/packages/express-backend/users/userModel.js": {"path":"/Users/stanleykeopilavan/TeamOne/packages/express-backend/users/userModel.js","statementMap":{"0":{"start":{"line":3,"column":19},"end":{"line":19,"column":1}},"1":{"start":{"line":21,"column":19},"end":{"line":34,"column":1}},"2":{"start":{"line":36,"column":19},"end":{"line":52,"column":1}},"3":{"start":{"line":54,"column":20},"end":{"line":54,"column":54}},"4":{"start":{"line":55,"column":20},"end":{"line":55,"column":54}},"5":{"start":{"line":56,"column":20},"end":{"line":56,"column":54}}},"fnMap":{},"branchMap":{},"s":{"0":1,"1":1,"2":1,"3":1,"4":1,"5":1},"f":{},"b":{},"inputSourceMap":null,"_coverageSchema":"1a1c01bbd47fc00a2c39e90264f33305004495a9","hash":"b289a7e67c04f65d6e09b1a305074b40533897a5"}
,"/Users/stanleykeopilavan/TeamOne/packages/express-backend/users/userRoutes.js": {"path":"/Users/stanleykeopilavan/TeamOne/packages/express-backend/users/userRoutes.js","statementMap":{"0":{"start":{"line":6,"column":15},"end":{"line":6,"column":31}},"1":{"start":{"line":8,"column":25},"end":{"line":26,"column":1}},"2":{"start":{"line":9,"column":21},"end":{"line":9,"column":49}},"3":{"start":{"line":10,"column":16},"end":{"line":10,"column":54}},"4":{"start":{"line":12,"column":2},"end":{"line":25,"column":3}},"5":{"start":{"line":13,"column":4},"end":{"line":13,"column":37}},"6":{"start":{"line":14,"column":4},"end":{"line":14,"column":26}},"7":{"start":{"line":16,"column":4},"end":{"line":24,"column":7}},"8":{"start":{"line":17,"column":6},"end":{"line":23,"column":7}},"9":{"start":{"line":18,"column":8},"end":{"line":18,"column":48}},"10":{"start":{"line":19,"column":8},"end":{"line":19,"column":15}},"11":{"start":{"line":21,"column":8},"end":{"line":21,"column":41}},"12":{"start":{"line":22,"column":8},"end":{"line":22,"column":30}},"13":{"start":{"line":28,"column":35},"end":{"line":44,"column":1}},"14":{"start":{"line":29,"column":2},"end":{"line":43,"column":5}},"15":{"start":{"line":30,"column":4},"end":{"line":42,"column":6}},"16":{"start":{"line":35,"column":8},"end":{"line":40,"column":9}},"17":{"start":{"line":36,"column":10},"end":{"line":36,"column":56}},"18":{"start":{"line":37,"column":10},"end":{"line":37,"column":24}},"19":{"start":{"line":39,"column":10},"end":{"line":39,"column":25}},"20":{"start":{"line":47,"column":0},"end":{"line":64,"column":3}},"21":{"start":{"line":49,"column":35},"end":{"line":49,"column":43}},"22":{"start":{"line":50,"column":4},"end":{"line":54,"column":5}},"23":{"start":{"line":51,"column":6},"end":{"line":53,"column":65}},"24":{"start":{"line":56,"column":17},"end":{"line":56,"column":49}},"25":{"start":{"line":57,"column":4},"end":{"line":59,"column":5}},"26":{"start":{"line":58,"column":6},"end":{"line":58,"column":79}},"27":{"start":{"line":61,"column":18},"end":{"line":61,"column":53}},"28":{"start":{"line":62,"column":4},"end":{"line":62,"column":49}},"29":{"start":{"line":67,"column":0},"end":{"line":70,"column":3}},"30":{"start":{"line":68,"column":18},"end":{"line":68,"column":73}},"31":{"start":{"line":69,"column":4},"end":{"line":69,"column":20}},"32":{"start":{"line":73,"column":0},"end":{"line":110,"column":3}},"33":{"start":{"line":75,"column":63},"end":{"line":75,"column":71}},"34":{"start":{"line":76,"column":4},"end":{"line":78,"column":5}},"35":{"start":{"line":77,"column":6},"end":{"line":77,"column":75}},"36":{"start":{"line":79,"column":25},"end":{"line":81,"column":6}},"37":{"start":{"line":83,"column":4},"end":{"line":90,"column":5}},"38":{"start":{"line":84,"column":6},"end":{"line":89,"column":9}},"39":{"start":{"line":91,"column":27},"end":{"line":91,"column":58}},"40":{"start":{"line":92,"column":17},"end":{"line":99,"column":5}},"41":{"start":{"line":100,"column":25},"end":{"line":100,"column":48}},"42":{"start":{"line":101,"column":18},"end":{"line":101,"column":53}},"43":{"start":{"line":102,"column":4},"end":{"line":102,"column":28}},"44":{"start":{"line":103,"column":4},"end":{"line":103,"column":33}},"45":{"start":{"line":104,"column":4},"end":{"line":108,"column":7}},"46":{"start":{"line":113,"column":0},"end":{"line":124,"column":3}},"47":{"start":{"line":115,"column":17},"end":{"line":120,"column":5}},"48":{"start":{"line":121,"column":4},"end":{"line":121,"column":74}},"49":{"start":{"line":121,"column":15},"end":{"line":121,"column":74}},"50":{"start":{"line":123,"column":4},"end":{"line":123,"column":31}},"51":{"start":{"line":127,"column":0},"end":{"line":139,"column":3}},"52":{"start":{"line":129,"column":17},"end":{"line":129,"column":70}},"53":{"start":{"line":130,"column":4},"end":{"line":130,"column":74}},"54":{"start":{"line":130,"column":15},"end":{"line":130,"column":74}},"55":{"start":{"line":132,"column":17},"end":{"line":135,"column":6}},"56":{"start":{"line":137,"column":4},"end":{"line":137,"column":75}},"57":{"start":{"line":138,"column":4},"end":{"line":138,"column":31}},"58":{"start":{"line":142,"column":0},"end":{"line":155,"column":2}},"59":{"start":{"line":146,"column":19},"end":{"line":146,"column":77}},"60":{"start":{"line":147,"column":6},"end":{"line":147,"column":76}},"61":{"start":{"line":147,"column":17},"end":{"line":147,"column":76}},"62":{"start":{"line":149,"column":6},"end":{"line":151,"column":9}},"63":{"start":{"line":152,"column":6},"end":{"line":152,"column":48}},"64":{"start":{"line":153,"column":6},"end":{"line":153,"column":77}},"65":{"start":{"line":158,"column":0},"end":{"line":168,"column":2}},"66":{"start":{"line":162,"column":19},"end":{"line":164,"column":7}},"67":{"start":{"line":165,"column":6},"end":{"line":165,"column":76}},"68":{"start":{"line":165,"column":17},"end":{"line":165,"column":76}},"69":{"start":{"line":166,"column":6},"end":{"line":166,"column":27}},"70":{"start":{"line":171,"column":0},"end":{"line":204,"column":2}},"71":{"start":{"line":175,"column":19},"end":{"line":177,"column":7}},"72":{"start":{"line":178,"column":6},"end":{"line":178,"column":76}},"73":{"start":{"line":178,"column":17},"end":{"line":178,"column":76}},"74":{"start":{"line":180,"column":6},"end":{"line":184,"column":7}},"75":{"start":{"line":181,"column":8},"end":{"line":183,"column":71}},"76":{"start":{"line":187,"column":8},"end":{"line":187,"column":16}},"77":{"start":{"line":188,"column":19},"end":{"line":197,"column":8}},"78":{"start":{"line":199,"column":6},"end":{"line":199,"column":32}},"79":{"start":{"line":200,"column":6},"end":{"line":200,"column":24}},"80":{"start":{"line":202,"column":6},"end":{"line":202,"column":33}},"81":{"start":{"line":207,"column":0},"end":{"line":220,"column":2}},"82":{"start":{"line":211,"column":22},"end":{"line":211,"column":30}},"83":{"start":{"line":212,"column":19},"end":{"line":216,"column":7}},"84":{"start":{"line":217,"column":6},"end":{"line":217,"column":76}},"85":{"start":{"line":217,"column":17},"end":{"line":217,"column":76}},"86":{"start":{"line":218,"column":6},"end":{"line":218,"column":21}},"87":{"start":{"line":223,"column":0},"end":{"line":233,"column":2}},"88":{"start":{"line":227,"column":19},"end":{"line":227,"column":77}},"89":{"start":{"line":228,"column":6},"end":{"line":228,"column":76}},"90":{"start":{"line":228,"column":17},"end":{"line":228,"column":76}},"91":{"start":{"line":230,"column":6},"end":{"line":230,"column":78}},"92":{"start":{"line":231,"column":6},"end":{"line":231,"column":57}},"93":{"start":{"line":236,"column":0},"end":{"line":248,"column":2}},"94":{"start":{"line":240,"column":19},"end":{"line":244,"column":7}},"95":{"start":{"line":245,"column":6},"end":{"line":245,"column":76}},"96":{"start":{"line":245,"column":17},"end":{"line":245,"column":76}},"97":{"start":{"line":246,"column":6},"end":{"line":246,"column":21}},"98":{"start":{"line":251,"column":0},"end":{"line":265,"column":2}},"99":{"start":{"line":255,"column":19},"end":{"line":255,"column":77}},"100":{"start":{"line":256,"column":6},"end":{"line":256,"column":76}},"101":{"start":{"line":256,"column":17},"end":{"line":256,"column":76}},"102":{"start":{"line":258,"column":6},"end":{"line":260,"column":9}},"103":{"start":{"line":262,"column":6},"end":{"line":262,"column":48}},"104":{"start":{"line":263,"column":6},"end":{"line":263,"column":65}},"105":{"start":{"line":268,"column":0},"end":{"line":274,"column":3}},"106":{"start":{"line":269,"column":17},"end":{"line":271,"column":24}},"107":{"start":{"line":272,"column":4},"end":{"line":272,"column":74}},"108":{"start":{"line":272,"column":15},"end":{"line":272,"column":74}},"109":{"start":{"line":273,"column":4},"end":{"line":273,"column":19}}},"fnMap":{"0":{"name":"(anonymous_0)","decl":{"start":{"line":8,"column":25},"end":{"line":8,"column":26}},"loc":{"start":{"line":8,"column":45},"end":{"line":26,"column":1}},"line":8},"1":{"name":"(anonymous_1)","decl":{"start":{"line":16,"column":48},"end":{"line":16,"column":49}},"loc":{"start":{"line":16,"column":68},"end":{"line":24,"column":5}},"line":16},"2":{"name":"(anonymous_2)","decl":{"start":{"line":28,"column":35},"end":{"line":28,"column":36}},"loc":{"start":{"line":28,"column":49},"end":{"line":44,"column":1}},"line":28},"3":{"name":"(anonymous_3)","decl":{"start":{"line":29,"column":21},"end":{"line":29,"column":22}},"loc":{"start":{"line":29,"column":42},"end":{"line":43,"column":3}},"line":29},"4":{"name":"(anonymous_4)","decl":{"start":{"line":34,"column":6},"end":{"line":34,"column":7}},"loc":{"start":{"line":34,"column":24},"end":{"line":41,"column":7}},"line":34},"5":{"name":"(anonymous_5)","decl":{"start":{"line":47,"column":22},"end":{"line":47,"column":23}},"loc":{"start":{"line":47,"column":42},"end":{"line":64,"column":1}},"line":47},"6":{"name":"(anonymous_6)","decl":{"start":{"line":67,"column":21},"end":{"line":67,"column":22}},"loc":{"start":{"line":67,"column":41},"end":{"line":70,"column":1}},"line":67},"7":{"name":"(anonymous_7)","decl":{"start":{"line":73,"column":25},"end":{"line":73,"column":26}},"loc":{"start":{"line":73,"column":45},"end":{"line":110,"column":1}},"line":73},"8":{"name":"(anonymous_8)","decl":{"start":{"line":113,"column":55},"end":{"line":113,"column":56}},"loc":{"start":{"line":113,"column":75},"end":{"line":124,"column":1}},"line":113},"9":{"name":"(anonymous_9)","decl":{"start":{"line":127,"column":56},"end":{"line":127,"column":57}},"loc":{"start":{"line":127,"column":76},"end":{"line":139,"column":1}},"line":127},"10":{"name":"(anonymous_10)","decl":{"start":{"line":145,"column":2},"end":{"line":145,"column":3}},"loc":{"start":{"line":145,"column":22},"end":{"line":154,"column":3}},"line":145},"11":{"name":"(anonymous_11)","decl":{"start":{"line":161,"column":2},"end":{"line":161,"column":3}},"loc":{"start":{"line":161,"column":22},"end":{"line":167,"column":3}},"line":161},"12":{"name":"(anonymous_12)","decl":{"start":{"line":174,"column":2},"end":{"line":174,"column":3}},"loc":{"start":{"line":174,"column":22},"end":{"line":203,"column":3}},"line":174},"13":{"name":"(anonymous_13)","decl":{"start":{"line":210,"column":2},"end":{"line":210,"column":3}},"loc":{"start":{"line":210,"column":22},"end":{"line":219,"column":3}},"line":210},"14":{"name":"(anonymous_14)","decl":{"start":{"line":226,"column":2},"end":{"line":226,"column":3}},"loc":{"start":{"line":226,"column":22},"end":{"line":232,"column":3}},"line":226},"15":{"name":"(anonymous_15)","decl":{"start":{"line":239,"column":2},"end":{"line":239,"column":3}},"loc":{"start":{"line":239,"column":22},"end":{"line":247,"column":3}},"line":239},"16":{"name":"(anonymous_16)","decl":{"start":{"line":254,"column":2},"end":{"line":254,"column":3}},"loc":{"start":{"line":254,"column":22},"end":{"line":264,"column":3}},"line":254},"17":{"name":"(anonymous_17)","decl":{"start":{"line":268,"column":49},"end":{"line":268,"column":50}},"loc":{"start":{"line":268,"column":69},"end":{"line":274,"column":1}},"line":268}},"branchMap":{"0":{"loc":{"start":{"line":10,"column":16},"end":{"line":10,"column":54}},"type":"binary-expr","locations":[{"start":{"line":10,"column":16},"end":{"line":10,"column":26}},{"start":{"line":10,"column":30},"end":{"line":10,"column":54}}],"line":10},"1":{"loc":{"start":{"line":12,"column":2},"end":{"line":25,"column":3}},"type":"if","locations":[{"start":{"line":12,"column":2},"end":{"line":25,"column":3}},{"start":{"line":15,"column":9},"end":{"line":25,"column":3}}],"line":12},"2":{"loc":{"start":{"line":17,"column":6},"end":{"line":23,"column":7}},"type":"if","locations":[{"start":{"line":17,"column":6},"end":{"line":23,"column":7}},{"start":{"line":20,"column":13},"end":{"line":23,"column":7}}],"line":17},"3":{"loc":{"start":{"line":35,"column":8},"end":{"line":40,"column":9}},"type":"if","locations":[{"start":{"line":35,"column":8},"end":{"line":40,"column":9}},{"start":{"line":38,"column":15},"end":{"line":40,"column":9}}],"line":35},"4":{"loc":{"start":{"line":50,"column":4},"end":{"line":54,"column":5}},"type":"if","locations":[{"start":{"line":50,"column":4},"end":{"line":54,"column":5}},{"start":{},"end":{}}],"line":50},"5":{"loc":{"start":{"line":50,"column":8},"end":{"line":50,"column":30}},"type":"binary-expr","locations":[{"start":{"line":50,"column":8},"end":{"line":50,"column":17}},{"start":{"line":50,"column":21},"end":{"line":50,"column":30}}],"line":50},"6":{"loc":{"start":{"line":57,"column":4},"end":{"line":59,"column":5}},"type":"if","locations":[{"start":{"line":57,"column":4},"end":{"line":59,"column":5}},{"start":{},"end":{}}],"line":57},"7":{"loc":{"start":{"line":57,"column":8},"end":{"line":57,"column":65}},"type":"binary-expr","locations":[{"start":{"line":57,"column":8},"end":{"line":57,"column":13}},{"start":{"line":57,"column":17},"end":{"line":57,"column":65}}],"line":57},"8":{"loc":{"start":{"line":76,"column":4},"end":{"line":78,"column":5}},"type":"if","locations":[{"start":{"line":76,"column":4},"end":{"line":78,"column":5}},{"start":{},"end":{}}],"line":76},"9":{"loc":{"start":{"line":76,"column":8},"end":{"line":76,"column":67}},"type":"binary-expr","locations":[{"start":{"line":76,"column":8},"end":{"line":76,"column":14}},{"start":{"line":76,"column":18},"end":{"line":76,"column":27}},{"start":{"line":76,"column":31},"end":{"line":76,"column":40}},{"start":{"line":76,"column":44},"end":{"line":76,"column":54}},{"start":{"line":76,"column":58},"end":{"line":76,"column":67}}],"line":76},"10":{"loc":{"start":{"line":83,"column":4},"end":{"line":90,"column":5}},"type":"if","locations":[{"start":{"line":83,"column":4},"end":{"line":90,"column":5}},{"start":{},"end":{}}],"line":83},"11":{"loc":{"start":{"line":86,"column":10},"end":{"line":88,"column":38}},"type":"cond-expr","locations":[{"start":{"line":87,"column":14},"end":{"line":87,"column":36}},{"start":{"line":88,"column":14},"end":{"line":88,"column":38}}],"line":86},"12":{"loc":{"start":{"line":121,"column":4},"end":{"line":121,"column":74}},"type":"if","locations":[{"start":{"line":121,"column":4},"end":{"line":121,"column":74}},{"start":{},"end":{}}],"line":121},"13":{"loc":{"start":{"line":123,"column":13},"end":{"line":123,"column":29}},"type":"binary-expr","locations":[{"start":{"line":123,"column":13},"end":{"line":123,"column":23}},{"start":{"line":123,"column":27},"end":{"line":123,"column":29}}],"line":123},"14":{"loc":{"start":{"line":130,"column":4},"end":{"line":130,"column":74}},"type":"if","locations":[{"start":{"line":130,"column":4},"end":{"line":130,"column":74}},{"start":{},"end":{}}],"line":130},"15":{"loc":{"start":{"line":147,"column":6},"end":{"line":147,"column":76}},"type":"if","locations":[{"start":{"line":147,"column":6},"end":{"line":147,"column":76}},{"start":{},"end":{}}],"line":147},"16":{"loc":{"start":{"line":165,"column":6},"end":{"line":165,"column":76}},"type":"if","locations":[{"start":{"line":165,"column":6},"end":{"line":165,"column":76}},{"start":{},"end":{}}],"line":165},"17":{"loc":{"start":{"line":178,"column":6},"end":{"line":178,"column":76}},"type":"if","locations":[{"start":{"line":178,"column":6},"end":{"line":178,"column":76}},{"start":{},"end":{}}],"line":178},"18":{"loc":{"start":{"line":180,"column":6},"end":{"line":184,"column":7}},"type":"if","locations":[{"start":{"line":180,"column":6},"end":{"line":184,"column":7}},{"start":{},"end":{}}],"line":180},"19":{"loc":{"start":{"line":190,"column":15},"end":{"line":190,"column":28}},"type":"binary-expr","locations":[{"start":{"line":190,"column":15},"end":{"line":190,"column":20}},{"start":{"line":190,"column":24},"end":{"line":190,"column":28}}],"line":190},"20":{"loc":{"start":{"line":191,"column":17},"end":{"line":191,"column":32}},"type":"binary-expr","locations":[{"start":{"line":191,"column":17},"end":{"line":191,"column":24}},{"start":{"line":191,"column":28},"end":{"line":191,"column":32}}],"line":191},"21":{"loc":{"start":{"line":192,"column":19},"end":{"line":192,"column":37}},"type":"binary-expr","locations":[{"start":{"line":192,"column":19},"end":{"line":192,"column":28}},{"start":{"line":192,"column":32},"end":{"line":192,"column":37}}],"line":192},"22":{"loc":{"start":{"line":193,"column":20},"end":{"line":193,"column":38}},"type":"binary-expr","locations":[{"start":{"line":193,"column":20},"end":{"line":193,"column":30}},{"start":{"line":193,"column":34},"end":{"line":193,"column":38}}],"line":193},"23":{"loc":{"start":{"line":194,"column":18},"end":{"line":194,"column":34}},"type":"binary-expr","locations":[{"start":{"line":194,"column":18},"end":{"line":194,"column":26}},{"start":{"line":194,"column":30},"end":{"line":194,"column":34}}],"line":194},"24":{"loc":{"start":{"line":217,"column":6},"end":{"line":217,"column":76}},"type":"if","locations":[{"start":{"line":217,"column":6},"end":{"line":217,"column":76}},{"start":{},"end":{}}],"line":217},"25":{"loc":{"start":{"line":228,"column":6},"end":{"line":228,"column":76}},"type":"if","locations":[{"start":{"line":228,"column":6},"end":{"line":228,"column":76}},{"start":{},"end":{}}],"line":228},"26":{"loc":{"start":{"line":245,"column":6},"end":{"line":245,"column":76}},"type":"if","locations":[{"start":{"line":245,"column":6},"end":{"line":245,"column":76}},{"start":{},"end":{}}],"line":245},"27":{"loc":{"start":{"line":256,"column":6},"end":{"line":256,"column":76}},"type":"if","locations":[{"start":{"line":256,"column":6},"end":{"line":256,"column":76}},{"start":{},"end":{}}],"line":256},"28":{"loc":{"start":{"line":272,"column":4},"end":{"line":272,"column":74}},"type":"if","locations":[{"start":{"line":272,"column":4},"end":{"line":272,"column":74}},{"start":{},"end":{}}],"line":272}},"s":{"0":1,"1":1,"2":18,"3":18,"4":18,"5":1,"6":1,"7":17,"8":17,"9":16,"10":16,"11":1,"12":1,"13":1,"14":2,"15":2,"16":2,"17":0,"18":0,"19":2,"20":1,"21":5,"22":5,"23":2,"24":3,"25":3,"26":2,"27":1,"28":1,"29":1,"30":1,"31":1,"32":1,"33":3,"34":3,"35":1,"36":2,"37":2,"38":1,"39":1,"40":1,"41":1,"42":1,"43":1,"44":1,"45":1,"46":1,"47":1,"48":1,"49":0,"50":1,"51":1,"52":1,"53":1,"54":0,"55":1,"56":1,"57":1,"58":1,"59":2,"60":2,"61":1,"62":1,"63":1,"64":1,"65":1,"66":2,"67":2,"68":1,"69":1,"70":1,"71":4,"72":4,"73":1,"74":3,"75":1,"76":2,"77":2,"78":2,"79":2,"80":2,"81":1,"82":2,"83":2,"84":2,"85":1,"86":1,"87":1,"88":2,"89":2,"90":1,"91":1,"92":1,"93":1,"94":1,"95":1,"96":0,"97":1,"98":1,"99":0,"100":0,"101":0,"102":0,"103":0,"104":0,"105":1,"106":1,"107":1,"108":0,"109":1},"f":{"0":18,"1":17,"2":2,"3":2,"4":2,"5":5,"6":1,"7":3,"8":1,"9":1,"10":2,"11":2,"12":4,"13":2,"14":2,"15":1,"16":0,"17":1},"b":{"0":[18,17],"1":[1,17],"2":[16,1],"3":[0,2],"4":[2,3],"5":[5,3],"6":[2,1],"7":[3,2],"8":[1,2],"9":[3,2,2,2,2],"10":[1,1],"11":[1,0],"12":[0,1],"13":[1,0],"14":[0,1],"15":[1,1],"16":[1,1],"17":[1,3],"18":[1,2],"19":[2,1],"20":[2,2],"21":[2,2],"22":[2,2],"23":[2,1],"24":[1,1],"25":[1,1],"26":[0,1],"27":[0,0],"28":[0,1]},"inputSourceMap":null,"_coverageSchema":"1a1c01bbd47fc00a2c39e90264f33305004495a9","hash":"f48b2e64618be060b03ec653b964b1db631f4356"}
}
