TN:
SF:../express-backend/users/userModel.js
FNF:0
FNH:0
DA:3,1
DA:21,1
DA:36,1
DA:54,1
DA:55,1
DA:56,1
LF:6
LH:6
BRF:0
BRH:0
end_of_record
TN:
SF:../express-backend/users/userRoutes.js
FN:8,(anonymous_0)
FN:15,(anonymous_1)
FN:27,(anonymous_2)
FN:28,(anonymous_3)
FN:33,(anonymous_4)
FN:46,(anonymous_5)
FN:69,(anonymous_6)
FN:82,(anonymous_7)
FN:125,(anonymous_8)
FN:142,(anonymous_9)
FN:168,(anonymous_10)
FN:187,(anonymous_11)
FN:204,(anonymous_12)
FN:245,(anonymous_13)
FN:266,(anonymous_14)
FN:283,(anonymous_15)
FN:302,(anonymous_16)
FN:320,(anonymous_17)
FNF:18
FNH:17
FNDA:15,(anonymous_0)
FNDA:14,(anonymous_1)
FNDA:2,(anonymous_2)
FNDA:2,(anonymous_3)
FNDA:2,(anonymous_4)
FNDA:3,(anonymous_5)
FNDA:1,(anonymous_6)
FNDA:3,(anonymous_7)
FNDA:1,(anonymous_8)
FNDA:1,(anonymous_9)
FNDA:1,(anonymous_10)
FNDA:1,(anonymous_11)
FNDA:3,(anonymous_12)
FNDA:2,(anonymous_13)
FNDA:2,(anonymous_14)
FNDA:1,(anonymous_15)
FNDA:0,(anonymous_16)
FNDA:1,(anonymous_17)
DA:6,1
DA:8,1
DA:9,15
DA:10,15
DA:12,15
DA:13,1
DA:15,14
DA:16,14
DA:17,13
DA:18,13
DA:20,1
DA:21,1
DA:27,1
DA:28,2
DA:29,2
DA:34,2
DA:35,0
DA:36,0
DA:38,2
DA:46,1
DA:47,3
DA:48,3
DA:49,3
DA:50,1
DA:55,2
DA:56,2
DA:57,1
DA:60,1
DA:61,1
DA:63,0
DA:64,0
DA:69,1
DA:70,1
DA:71,1
DA:72,1
DA:74,0
DA:75,0
DA:82,1
DA:83,3
DA:84,3
DA:85,3
DA:86,1
DA:88,2
DA:92,2
DA:93,1
DA:100,1
DA:101,1
DA:109,1
DA:110,1
DA:111,1
DA:112,1
DA:113,1
DA:119,0
DA:120,0
DA:125,1
DA:126,1
DA:127,1
DA:133,1
DA:135,1
DA:137,0
DA:142,1
DA:143,1
DA:144,1
DA:145,1
DA:146,1
DA:147,0
DA:152,1
DA:157,1
DA:158,1
DA:160,0
DA:165,1
DA:169,1
DA:170,1
DA:171,1
DA:172,1
DA:175,1
DA:176,1
DA:178,0
DA:184,1
DA:188,1
DA:189,1
DA:192,1
DA:193,1
DA:195,0
DA:201,1
DA:205,3
DA:206,3
DA:209,3
DA:211,2
DA:212,0
DA:218,2
DA:219,2
DA:230,2
DA:231,2
DA:233,2
DA:235,0
DA:236,0
DA:242,1
DA:246,2
DA:247,2
DA:248,2
DA:253,2
DA:254,1
DA:256,0
DA:257,0
DA:263,1
DA:267,2
DA:268,2
DA:269,2
DA:271,1
DA:272,1
DA:274,0
DA:280,1
DA:284,1
DA:285,1
DA:290,1
DA:291,1
DA:293,0
DA:299,1
DA:303,0
DA:304,0
DA:305,0
DA:307,0
DA:311,0
DA:312,0
DA:314,0
DA:320,1
DA:321,1
DA:322,1
DA:325,1
DA:326,1
DA:328,0
LF:132
LH:104
BRDA:10,0,0,15
BRDA:10,0,1,14
BRDA:12,1,0,1
BRDA:12,1,1,14
BRDA:16,2,0,13
BRDA:16,2,1,1
BRDA:34,3,0,0
BRDA:34,3,1,2
BRDA:49,4,0,1
BRDA:49,4,1,2
BRDA:49,5,0,3
BRDA:49,5,1,2
BRDA:56,6,0,1
BRDA:56,6,1,1
BRDA:56,7,0,2
BRDA:56,7,1,2
BRDA:85,8,0,1
BRDA:85,8,1,2
BRDA:85,9,0,3
BRDA:85,9,1,2
BRDA:85,9,2,2
BRDA:85,9,3,2
BRDA:85,9,4,2
BRDA:92,10,0,1
BRDA:92,10,1,1
BRDA:95,11,0,1
BRDA:95,11,1,0
BRDA:133,12,0,0
BRDA:133,12,1,1
BRDA:135,13,0,1
BRDA:135,13,1,0
BRDA:145,14,0,0
BRDA:145,14,1,1
BRDA:146,15,0,0
BRDA:146,15,1,1
BRDA:146,16,0,1
BRDA:146,16,1,1
BRDA:171,17,0,0
BRDA:171,17,1,1
BRDA:192,18,0,0
BRDA:192,18,1,1
BRDA:209,19,0,1
BRDA:209,19,1,2
BRDA:211,20,0,0
BRDA:211,20,1,2
BRDA:221,21,0,2
BRDA:221,21,1,1
BRDA:222,22,0,2
BRDA:222,22,1,2
BRDA:223,23,0,2
BRDA:223,23,1,2
BRDA:224,24,0,2
BRDA:224,24,1,2
BRDA:225,25,0,2
BRDA:225,25,1,1
BRDA:253,26,0,1
BRDA:253,26,1,1
BRDA:269,27,0,1
BRDA:269,27,1,1
BRDA:290,28,0,0
BRDA:290,28,1,1
BRDA:305,29,0,0
BRDA:305,29,1,0
BRDA:325,30,0,0
BRDA:325,30,1,1
BRF:65
BRH:52
end_of_record
