TN:
SF:../express-backend/users/userModel.js
FNF:0
FNH:0
DA:3,1
DA:21,1
DA:36,1
DA:54,1
DA:55,1
DA:56,1
LF:6
LH:6
BRF:0
BRH:0
end_of_record
TN:
SF:../express-backend/users/userRoutes.js
FN:8,(anonymous_0)
FN:16,(anonymous_1)
FN:28,(anonymous_2)
FN:29,(anonymous_3)
FN:34,(anonymous_4)
FN:47,(anonymous_5)
FN:67,(anonymous_6)
FN:73,(anonymous_7)
FN:113,(anonymous_8)
FN:127,(anonymous_9)
FN:145,(anonymous_10)
FN:161,(anonymous_11)
FN:174,(anonymous_12)
FN:210,(anonymous_13)
FN:226,(anonymous_14)
FN:239,(anonymous_15)
FN:251,(anonymous_16)
FNF:17
FNH:17
FNDA:18,(anonymous_0)
FNDA:17,(anonymous_1)
FNDA:2,(anonymous_2)
FNDA:2,(anonymous_3)
FNDA:2,(anonymous_4)
FNDA:5,(anonymous_5)
FNDA:1,(anonymous_6)
FNDA:3,(anonymous_7)
FNDA:1,(anonymous_8)
FNDA:1,(anonymous_9)
FNDA:2,(anonymous_10)
FNDA:2,(anonymous_11)
FNDA:4,(anonymous_12)
FNDA:2,(anonymous_13)
FNDA:2,(anonymous_14)
FNDA:1,(anonymous_15)
FNDA:1,(anonymous_16)
DA:6,1
DA:8,1
DA:9,18
DA:10,18
DA:12,18
DA:13,1
DA:14,1
DA:16,17
DA:17,17
DA:18,16
DA:19,16
DA:21,1
DA:22,1
DA:28,1
DA:29,2
DA:30,2
DA:35,2
DA:36,0
DA:37,0
DA:39,2
DA:47,1
DA:49,5
DA:50,5
DA:51,2
DA:56,3
DA:57,3
DA:58,2
DA:61,1
DA:62,1
DA:67,1
DA:68,1
DA:69,1
DA:73,1
DA:75,3
DA:76,3
DA:77,1
DA:79,2
DA:83,2
DA:84,1
DA:91,1
DA:92,1
DA:100,1
DA:101,1
DA:102,1
DA:103,1
DA:104,1
DA:113,1
DA:115,1
DA:121,1
DA:123,1
DA:127,1
DA:129,1
DA:130,1
DA:132,1
DA:137,1
DA:138,1
DA:142,1
DA:146,2
DA:147,2
DA:149,1
DA:152,1
DA:153,1
DA:158,1
DA:162,2
DA:165,2
DA:166,1
DA:171,1
DA:175,4
DA:178,4
DA:180,3
DA:181,1
DA:187,2
DA:188,2
DA:199,2
DA:200,2
DA:202,2
DA:207,1
DA:211,2
DA:212,2
DA:217,2
DA:218,1
DA:223,1
DA:227,2
DA:228,2
DA:230,1
DA:231,1
DA:236,1
DA:240,1
DA:245,1
DA:246,1
DA:251,1
DA:252,1
DA:255,1
DA:256,1
LF:94
LH:92
BRDA:10,0,0,18
BRDA:10,0,1,17
BRDA:12,1,0,1
BRDA:12,1,1,17
BRDA:17,2,0,16
BRDA:17,2,1,1
BRDA:35,3,0,0
BRDA:35,3,1,2
BRDA:50,4,0,2
BRDA:50,4,1,3
BRDA:50,5,0,5
BRDA:50,5,1,3
BRDA:57,6,0,2
BRDA:57,6,1,1
BRDA:57,7,0,3
BRDA:57,7,1,2
BRDA:76,8,0,1
BRDA:76,8,1,2
BRDA:76,9,0,3
BRDA:76,9,1,2
BRDA:76,9,2,2
BRDA:76,9,3,2
BRDA:76,9,4,2
BRDA:83,10,0,1
BRDA:83,10,1,1
BRDA:86,11,0,1
BRDA:86,11,1,0
BRDA:121,12,0,0
BRDA:121,12,1,1
BRDA:123,13,0,1
BRDA:123,13,1,0
BRDA:130,14,0,0
BRDA:130,14,1,1
BRDA:147,15,0,1
BRDA:147,15,1,1
BRDA:165,16,0,1
BRDA:165,16,1,1
BRDA:178,17,0,1
BRDA:178,17,1,3
BRDA:180,18,0,1
BRDA:180,18,1,2
BRDA:190,19,0,2
BRDA:190,19,1,1
BRDA:191,20,0,2
BRDA:191,20,1,2
BRDA:192,21,0,2
BRDA:192,21,1,2
BRDA:193,22,0,2
BRDA:193,22,1,2
BRDA:194,23,0,2
BRDA:194,23,1,1
BRDA:217,24,0,1
BRDA:217,24,1,1
BRDA:228,25,0,1
BRDA:228,25,1,1
BRDA:245,26,0,0
BRDA:245,26,1,1
BRDA:255,27,0,0
BRDA:255,27,1,1
BRF:59
BRH:52
end_of_record
